<?xml version="1.0" encoding="UTF-8"?>
<!-- Generated by org.testng.reporters.JUnitReportReporter -->
<testsuite skipped="0" hostname="FAHIM-AHMED1988" name="com.testRestAPI.TestAPI" tests="1" failures="0" timestamp="13 Oct 2019 13:49:55 GMT" time="1.251" errors="0">
  <testcase name="testGetMethod" time="1.251" classname="com.testRestAPI.TestAPI"/>
</testsuite> <!-- com.testRestAPI.TestAPI -->
